<?xml version="1.0" encoding="UTF-8"?>
<!-- Generated by org.testng.reporters.JUnitReportReporter -->
<testsuite hostname="DESKTOP-EQ55Q8H" failures="0" tests="3" name="UserTest" time="0.086" errors="0" timestamp="2023-08-24T22:11:57 BRT" skipped="0">
  <testcase classname="UserTest" name="getUserLogout" time="0.008"/>
  <system-out/>
  <testcase classname="UserTest" name="postUser" time="0.068"/>
  <system-out/>
  <testcase classname="UserTest" name="getUserLogin" time="0.010"/>
  <system-out/>
</testsuite> <!-- UserTest -->
