<?xml version="1.0" encoding="UTF-8"?>
<!-- Generated by org.testng.reporters.JUnitReportReporter -->
<testsuite hostname="DESKTOP-EQ55Q8H" failures="0" tests="9" name="StoreTest" time="0.518" errors="0" timestamp="2023-08-24T22:11:57 BRT" skipped="0">
  <testcase classname="StoreTest" name="deleteOrder" time="0.029"/>
  <system-out/>
  <testcase classname="StoreTest" name="deleteOrder" time="0.016"/>
  <system-out/>
  <testcase classname="StoreTest" name="deleteOrder" time="0.010"/>
  <system-out/>
  <testcase classname="StoreTest" name="getOrder" time="0.008"/>
  <system-out/>
  <testcase classname="StoreTest" name="getInventory" time="0.405"/>
  <system-out/>
  <testcase classname="StoreTest" name="postOrder" time="0.017"/>
  <system-out/>
  <testcase classname="StoreTest" name="getOrder" time="0.007"/>
  <system-out/>
  <testcase classname="StoreTest" name="deleteOrder" time="0.010"/>
  <system-out/>
  <testcase classname="StoreTest" name="deleteOrder" time="0.016"/>
  <system-out/>
</testsuite> <!-- StoreTest -->
