<?xml version="1.0" encoding="UTF-8"?>
<!-- Generated by org.testng.reporters.JUnitReportReporter -->
<testsuite hostname="DESKTOP-EQ55Q8H" failures="0" tests="4" name="PetsTest" time="0.846" errors="0" timestamp="2023-08-24T22:11:57 BRT" skipped="1">
  <testcase classname="PetsTest" name="getPetsByStatus" time="0.011"/>
  <system-out/>
  <testcase classname="PetsTest" name="getPetsByStatus" time="0.010"/>
  <system-out/>
  <testcase classname="PetsTest" name="getPetsByStatus" time="0.825"/>
  <system-out/>
  <testcase classname="PetsTest" name="postPet">
    <skipped/>
  </testcase> <!-- postPet -->
  <system-out/>
</testsuite> <!-- PetsTest -->
